2024-08-18 19:18:49.324 [background-preinit] INFO  org.hibernate.validator.internal.util.Version - HV000001: Hibernate Validator 8.0.1.Final
2024-08-18 19:18:49.352 [main] INFO  dev.bank.bankingapp.BankingAppApplication - Starting BankingAppApplication using Java 21.0.3 with PID 13732 (C:\Development\Projects\Springboot\banking-app\banking-app\target\classes started by moham in C:\Development\Projects\Springboot\banking-app\banking-app)
2024-08-18 19:18:49.354 [main] INFO  dev.bank.bankingapp.BankingAppApplication - No active profile set, falling back to 1 default profile: "default"
2024-08-18 19:18:50.203 [main] INFO  org.apache.coyote.http11.Http11NioProtocol - Initializing ProtocolHandler ["http-nio-8080"]
2024-08-18 19:18:50.204 [main] INFO  org.apache.catalina.core.StandardService - Starting service [Tomcat]
2024-08-18 19:18:50.205 [main] INFO  org.apache.catalina.core.StandardEngine - Starting Servlet engine: [Apache Tomcat/10.1.26]
2024-08-18 19:18:50.240 [main] INFO  org.apache.catalina.core.ContainerBase.[Tomcat].[localhost].[/] - Initializing Spring embedded WebApplicationContext
2024-08-18 19:18:50.362 [main] INFO  org.hibernate.jpa.internal.util.LogHelper - HHH000204: Processing PersistenceUnitInfo [name: default]
2024-08-18 19:18:50.422 [main] INFO  org.hibernate.Version - HHH000412: Hibernate ORM core version 6.5.2.Final
2024-08-18 19:18:50.455 [main] INFO  org.hibernate.cache.internal.RegionFactoryInitiator - HHH000026: Second-level cache disabled
2024-08-18 19:18:50.724 [main] INFO  com.zaxxer.hikari.HikariDataSource - HikariPool-1 - Starting...
2024-08-18 19:18:50.879 [main] INFO  com.zaxxer.hikari.pool.HikariPool - HikariPool-1 - Added connection conn0: url=jdbc:h2:mem:testdb user=SA
2024-08-18 19:18:50.881 [main] INFO  com.zaxxer.hikari.HikariDataSource - HikariPool-1 - Start completed.
2024-08-18 19:18:50.902 [main] WARN  org.hibernate.orm.deprecation - HHH90000025: H2Dialect does not need to be specified explicitly using 'hibernate.dialect' (remove the property setting and it will be selected by default)
2024-08-18 19:18:51.601 [main] INFO  org.hibernate.engine.transaction.jta.platform.internal.JtaPlatformInitiator - HHH000489: No JTA platform available (set 'hibernate.transaction.jta.platform' to enable JTA platform integration)
2024-08-18 19:18:51.620 [main] DEBUG org.hibernate.SQL - create table app_user (id bigint not null, email varchar(255), first_name varchar(255), is_email_verified boolean not null, last_name varchar(255), password varchar(255), phone varchar(255), username varchar(255), primary key (id))
2024-08-18 19:18:51.627 [main] DEBUG org.hibernate.SQL - create sequence app_user_seq start with 1 increment by 50
2024-08-18 19:18:52.123 [main] INFO  org.apache.coyote.http11.Http11NioProtocol - Starting ProtocolHandler ["http-nio-8080"]
2024-08-18 19:18:52.141 [main] INFO  dev.bank.bankingapp.BankingAppApplication - Started BankingAppApplication in 3.185 seconds (process running for 4.162)
2024-08-18 19:18:52.143 [main] INFO  dev.bank.bankingapp.BankingAppApplication - Info log
2024-08-18 19:18:52.144 [main] WARN  dev.bank.bankingapp.BankingAppApplication - Hey, This is a warning!
2024-08-18 19:18:52.144 [main] ERROR dev.bank.bankingapp.BankingAppApplication - Oops! We have an Error. OK
2024-08-18 19:18:52.144 [main] FATAL dev.bank.bankingapp.BankingAppApplication - Damn! Fatal error. Please fix me.
2024-08-18 19:19:28.216 [SpringApplicationShutdownHook] INFO  com.zaxxer.hikari.HikariDataSource - HikariPool-1 - Shutdown initiated...
2024-08-18 19:19:28.218 [SpringApplicationShutdownHook] INFO  com.zaxxer.hikari.HikariDataSource - HikariPool-1 - Shutdown completed.
2024-08-18 19:19:30.543 [background-preinit] INFO  org.hibernate.validator.internal.util.Version - HV000001: Hibernate Validator 8.0.1.Final
2024-08-18 19:19:30.571 [main] INFO  dev.bank.bankingapp.BankingAppApplication - Starting BankingAppApplication using Java 21.0.3 with PID 6932 (C:\Development\Projects\Springboot\banking-app\banking-app\target\classes started by moham in C:\Development\Projects\Springboot\banking-app\banking-app)
2024-08-18 19:19:30.574 [main] INFO  dev.bank.bankingapp.BankingAppApplication - No active profile set, falling back to 1 default profile: "default"
2024-08-18 19:19:31.400 [main] INFO  org.apache.coyote.http11.Http11NioProtocol - Initializing ProtocolHandler ["http-nio-8080"]
2024-08-18 19:19:31.402 [main] INFO  org.apache.catalina.core.StandardService - Starting service [Tomcat]
2024-08-18 19:19:31.402 [main] INFO  org.apache.catalina.core.StandardEngine - Starting Servlet engine: [Apache Tomcat/10.1.26]
2024-08-18 19:19:31.438 [main] INFO  org.apache.catalina.core.ContainerBase.[Tomcat].[localhost].[/] - Initializing Spring embedded WebApplicationContext
2024-08-18 19:19:31.554 [main] INFO  org.hibernate.jpa.internal.util.LogHelper - HHH000204: Processing PersistenceUnitInfo [name: default]
2024-08-18 19:19:31.595 [main] INFO  org.hibernate.Version - HHH000412: Hibernate ORM core version 6.5.2.Final
2024-08-18 19:19:31.622 [main] INFO  org.hibernate.cache.internal.RegionFactoryInitiator - HHH000026: Second-level cache disabled
2024-08-18 19:19:31.855 [main] INFO  com.zaxxer.hikari.HikariDataSource - HikariPool-1 - Starting...
2024-08-18 19:19:31.983 [main] INFO  com.zaxxer.hikari.pool.HikariPool - HikariPool-1 - Added connection conn0: url=jdbc:h2:mem:testdb user=SA
2024-08-18 19:19:31.984 [main] INFO  com.zaxxer.hikari.HikariDataSource - HikariPool-1 - Start completed.
2024-08-18 19:19:32.003 [main] WARN  org.hibernate.orm.deprecation - HHH90000025: H2Dialect does not need to be specified explicitly using 'hibernate.dialect' (remove the property setting and it will be selected by default)
2024-08-18 19:19:32.656 [main] INFO  org.hibernate.engine.transaction.jta.platform.internal.JtaPlatformInitiator - HHH000489: No JTA platform available (set 'hibernate.transaction.jta.platform' to enable JTA platform integration)
2024-08-18 19:19:32.675 [main] DEBUG org.hibernate.SQL - create table app_user (id bigint not null, email varchar(255), first_name varchar(255), is_email_verified boolean not null, last_name varchar(255), password varchar(255), phone varchar(255), username varchar(255), primary key (id))
2024-08-18 19:19:32.681 [main] DEBUG org.hibernate.SQL - create sequence app_user_seq start with 1 increment by 50
2024-08-18 19:19:33.182 [main] INFO  org.apache.coyote.http11.Http11NioProtocol - Starting ProtocolHandler ["http-nio-8080"]
2024-08-18 19:19:33.199 [main] INFO  dev.bank.bankingapp.BankingAppApplication - Started BankingAppApplication in 3.03 seconds (process running for 3.822)
2024-08-18 19:19:33.201 [main] INFO  dev.bank.bankingapp.BankingAppApplication - Info log
2024-08-18 19:19:33.201 [main] WARN  dev.bank.bankingapp.BankingAppApplication - Hey, This is a warning!
2024-08-18 19:19:33.201 [main] ERROR dev.bank.bankingapp.BankingAppApplication - Oops! We have an Error. OK
2024-08-18 19:19:33.201 [main] FATAL dev.bank.bankingapp.BankingAppApplication - Damn! Fatal error. Please fix me.
2024-08-18 19:19:36.021 [SpringApplicationShutdownHook] INFO  com.zaxxer.hikari.HikariDataSource - HikariPool-1 - Shutdown initiated...
2024-08-18 19:19:36.023 [SpringApplicationShutdownHook] INFO  com.zaxxer.hikari.HikariDataSource - HikariPool-1 - Shutdown completed.
2024-08-18 19:19:38.332 [background-preinit] INFO  org.hibernate.validator.internal.util.Version - HV000001: Hibernate Validator 8.0.1.Final
2024-08-18 19:19:38.362 [main] INFO  dev.bank.bankingapp.BankingAppApplication - Starting BankingAppApplication using Java 21.0.3 with PID 20960 (C:\Development\Projects\Springboot\banking-app\banking-app\target\classes started by moham in C:\Development\Projects\Springboot\banking-app\banking-app)
2024-08-18 19:19:38.366 [main] INFO  dev.bank.bankingapp.BankingAppApplication - No active profile set, falling back to 1 default profile: "default"
2024-08-18 19:19:39.179 [main] INFO  org.apache.coyote.http11.Http11NioProtocol - Initializing ProtocolHandler ["http-nio-8080"]
2024-08-18 19:19:39.180 [main] INFO  org.apache.catalina.core.StandardService - Starting service [Tomcat]
2024-08-18 19:19:39.181 [main] INFO  org.apache.catalina.core.StandardEngine - Starting Servlet engine: [Apache Tomcat/10.1.26]
2024-08-18 19:19:39.218 [main] INFO  org.apache.catalina.core.ContainerBase.[Tomcat].[localhost].[/] - Initializing Spring embedded WebApplicationContext
2024-08-18 19:19:39.333 [main] INFO  org.hibernate.jpa.internal.util.LogHelper - HHH000204: Processing PersistenceUnitInfo [name: default]
2024-08-18 19:19:39.374 [main] INFO  org.hibernate.Version - HHH000412: Hibernate ORM core version 6.5.2.Final
2024-08-18 19:19:39.407 [main] INFO  org.hibernate.cache.internal.RegionFactoryInitiator - HHH000026: Second-level cache disabled
2024-08-18 19:19:39.656 [main] INFO  com.zaxxer.hikari.HikariDataSource - HikariPool-1 - Starting...
2024-08-18 19:19:39.784 [main] INFO  com.zaxxer.hikari.pool.HikariPool - HikariPool-1 - Added connection conn0: url=jdbc:h2:mem:testdb user=SA
2024-08-18 19:19:39.786 [main] INFO  com.zaxxer.hikari.HikariDataSource - HikariPool-1 - Start completed.
2024-08-18 19:19:39.804 [main] WARN  org.hibernate.orm.deprecation - HHH90000025: H2Dialect does not need to be specified explicitly using 'hibernate.dialect' (remove the property setting and it will be selected by default)
2024-08-18 19:19:40.463 [main] INFO  org.hibernate.engine.transaction.jta.platform.internal.JtaPlatformInitiator - HHH000489: No JTA platform available (set 'hibernate.transaction.jta.platform' to enable JTA platform integration)
2024-08-18 19:19:40.481 [main] DEBUG org.hibernate.SQL - create table app_user (id bigint not null, email varchar(255), first_name varchar(255), is_email_verified boolean not null, last_name varchar(255), password varchar(255), phone varchar(255), username varchar(255), primary key (id))
2024-08-18 19:19:40.488 [main] DEBUG org.hibernate.SQL - create sequence app_user_seq start with 1 increment by 50
2024-08-18 19:19:40.973 [main] INFO  org.apache.coyote.http11.Http11NioProtocol - Starting ProtocolHandler ["http-nio-8080"]
2024-08-18 19:19:40.990 [main] INFO  dev.bank.bankingapp.BankingAppApplication - Started BankingAppApplication in 3.058 seconds (process running for 3.965)
2024-08-18 19:19:40.992 [main] INFO  dev.bank.bankingapp.BankingAppApplication - Info log
2024-08-18 19:19:40.992 [main] WARN  dev.bank.bankingapp.BankingAppApplication - Hey, This is a warning!
2024-08-18 19:19:40.992 [main] ERROR dev.bank.bankingapp.BankingAppApplication - Oops! We have an Error. OK
2024-08-18 19:19:40.992 [main] FATAL dev.bank.bankingapp.BankingAppApplication - Damn! Fatal error. Please fix me.
2024-08-18 19:19:52.996 [SpringApplicationShutdownHook] INFO  com.zaxxer.hikari.HikariDataSource - HikariPool-1 - Shutdown initiated...
2024-08-18 19:19:52.998 [SpringApplicationShutdownHook] INFO  com.zaxxer.hikari.HikariDataSource - HikariPool-1 - Shutdown completed.
 HV000001: Hibernate Validator 8.0.1.Final
 Starting BankingAppApplication using Java 21.0.3 with PID 4584 (C:\Development\Projects\Springboot\banking-app\banking-app\target\classes started by moham in C:\Development\Projects\Springboot\banking-app\banking-app)
 No active profile set, falling back to 1 default profile: "default"
 HV000001: Hibernate Validator 8.0.1.Final
 Starting BankingAppApplication using Java 21.0.3 with PID 14608 (C:\Development\Projects\Springboot\banking-app\banking-app\target\classes started by moham in C:\Development\Projects\Springboot\banking-app\banking-app)
 No active profile set, falling back to 1 default profile: "default"
 Initializing ProtocolHandler ["http-nio-8080"]
 Starting service [Tomcat]
 Starting Servlet engine: [Apache Tomcat/10.1.26]
 Initializing Spring embedded WebApplicationContext
 HHH000204: Processing PersistenceUnitInfo [name: default]
 HHH000412: Hibernate ORM core version 6.5.2.Final
 HHH000026: Second-level cache disabled
 Initializing ProtocolHandler ["http-nio-8080"]
 Starting service [Tomcat]
 Starting Servlet engine: [Apache Tomcat/10.1.26]
 Initializing Spring embedded WebApplicationContext
 HHH000204: Processing PersistenceUnitInfo [name: default]
 HikariPool-1 - Starting...
 HHH000412: Hibernate ORM core version 6.5.2.Final
 HHH000026: Second-level cache disabled
 HikariPool-1 - Added connection conn0: url=jdbc:h2:mem:testdb user=SA
 HikariPool-1 - Start completed.
 HHH90000025: H2Dialect does not need to be specified explicitly using 'hibernate.dialect' (remove the property setting and it will be selected by default)
 HikariPool-1 - Starting...
 HikariPool-1 - Added connection conn0: url=jdbc:h2:mem:testdb user=SA
 HikariPool-1 - Start completed.
 HHH90000025: H2Dialect does not need to be specified explicitly using 'hibernate.dialect' (remove the property setting and it will be selected by default)
 HHH000489: No JTA platform available (set 'hibernate.transaction.jta.platform' to enable JTA platform integration)
 create table app_user (id bigint not null, email varchar(255), first_name varchar(255), is_email_verified boolean not null, last_name varchar(255), password varchar(255), phone varchar(255), username varchar(255), primary key (id))
 create sequence app_user_seq start with 1 increment by 50
 HHH000489: No JTA platform available (set 'hibernate.transaction.jta.platform' to enable JTA platform integration)
 create table app_user (id bigint not null, email varchar(255), first_name varchar(255), is_email_verified boolean not null, last_name varchar(255), password varchar(255), phone varchar(255), username varchar(255), primary key (id))
 create sequence app_user_seq start with 1 increment by 50
 Starting ProtocolHandler ["http-nio-8080"]
 Started BankingAppApplication in 4.564 seconds (process running for 6.263)
 Info log
 Hey, This is a warning!
 Oops! We have an Error. OK
 Damn! Fatal error. Please fix me.
 Starting ProtocolHandler ["http-nio-8080"]
 HikariPool-1 - Shutdown initiated...
 HikariPool-1 - Shutdown completed.
 HikariPool-1 - Shutdown initiated...
 HikariPool-1 - Shutdown completed.
 HV000001: Hibernate Validator 8.0.1.Final
 Starting BankingAppApplication using Java 21.0.3 with PID 10024 (C:\Development\Projects\Springboot\banking-app\banking-app\target\classes started by moham in C:\Development\Projects\Springboot\banking-app\banking-app)
 No active profile set, falling back to 1 default profile: "default"
 Initializing ProtocolHandler ["http-nio-8080"]
 Starting service [Tomcat]
 Starting Servlet engine: [Apache Tomcat/10.1.26]
 Initializing Spring embedded WebApplicationContext
 HHH000204: Processing PersistenceUnitInfo [name: default]
 HHH000412: Hibernate ORM core version 6.5.2.Final
 HHH000026: Second-level cache disabled
 HikariPool-1 - Starting...
 HikariPool-1 - Added connection conn0: url=jdbc:h2:mem:testdb user=SA
 HikariPool-1 - Start completed.
 HHH90000025: H2Dialect does not need to be specified explicitly using 'hibernate.dialect' (remove the property setting and it will be selected by default)
 HHH000489: No JTA platform available (set 'hibernate.transaction.jta.platform' to enable JTA platform integration)
 create table app_user (id bigint not null, email varchar(255), first_name varchar(255), is_email_verified boolean not null, last_name varchar(255), password varchar(255), phone varchar(255), username varchar(255), primary key (id))
 create sequence app_user_seq start with 1 increment by 50
 Starting ProtocolHandler ["http-nio-8080"]
 Started BankingAppApplication in 3.142 seconds (process running for 4.327)
 Info log
 Hey, This is a warning!
 Oops! We have an Error. OK
 Damn! Fatal error. Please fix me.
 HikariPool-1 - Shutdown initiated...
 HikariPool-1 - Shutdown completed.
2024-08-18 19:20:47.049 [background-preinit] INFO  org.hibernate.validator.internal.util.Version - HV000001: Hibernate Validator 8.0.1.Final
2024-08-18 19:20:47.075 [main] INFO  dev.bank.bankingapp.BankingAppApplication - Starting BankingAppApplication using Java 21.0.3 with PID 10908 (C:\Development\Projects\Springboot\banking-app\banking-app\target\classes started by moham in C:\Development\Projects\Springboot\banking-app\banking-app)
2024-08-18 19:20:47.079 [main] INFO  dev.bank.bankingapp.BankingAppApplication - No active profile set, falling back to 1 default profile: "default"
2024-08-18 19:20:47.896 [main] INFO  org.apache.coyote.http11.Http11NioProtocol - Initializing ProtocolHandler ["http-nio-8080"]
2024-08-18 19:20:47.897 [main] INFO  org.apache.catalina.core.StandardService - Starting service [Tomcat]
2024-08-18 19:20:47.898 [main] INFO  org.apache.catalina.core.StandardEngine - Starting Servlet engine: [Apache Tomcat/10.1.26]
2024-08-18 19:20:47.932 [main] INFO  org.apache.catalina.core.ContainerBase.[Tomcat].[localhost].[/] - Initializing Spring embedded WebApplicationContext
2024-08-18 19:20:48.074 [main] INFO  org.hibernate.jpa.internal.util.LogHelper - HHH000204: Processing PersistenceUnitInfo [name: default]
2024-08-18 19:20:48.118 [main] INFO  org.hibernate.Version - HHH000412: Hibernate ORM core version 6.5.2.Final
2024-08-18 19:20:48.143 [main] INFO  org.hibernate.cache.internal.RegionFactoryInitiator - HHH000026: Second-level cache disabled
2024-08-18 19:20:48.383 [main] INFO  com.zaxxer.hikari.HikariDataSource - HikariPool-1 - Starting...
2024-08-18 19:20:48.512 [main] INFO  com.zaxxer.hikari.pool.HikariPool - HikariPool-1 - Added connection conn0: url=jdbc:h2:mem:testdb user=SA
2024-08-18 19:20:48.514 [main] INFO  com.zaxxer.hikari.HikariDataSource - HikariPool-1 - Start completed.
2024-08-18 19:20:48.532 [main] WARN  org.hibernate.orm.deprecation - HHH90000025: H2Dialect does not need to be specified explicitly using 'hibernate.dialect' (remove the property setting and it will be selected by default)
2024-08-18 19:20:49.173 [main] INFO  org.hibernate.engine.transaction.jta.platform.internal.JtaPlatformInitiator - HHH000489: No JTA platform available (set 'hibernate.transaction.jta.platform' to enable JTA platform integration)
2024-08-18 19:20:49.191 [main] DEBUG org.hibernate.SQL - create table app_user (id bigint not null, email varchar(255), first_name varchar(255), is_email_verified boolean not null, last_name varchar(255), password varchar(255), phone varchar(255), username varchar(255), primary key (id))
2024-08-18 19:20:49.198 [main] DEBUG org.hibernate.SQL - create sequence app_user_seq start with 1 increment by 50
2024-08-18 19:20:49.715 [main] INFO  org.apache.coyote.http11.Http11NioProtocol - Starting ProtocolHandler ["http-nio-8080"]
2024-08-18 19:20:49.733 [main] INFO  dev.bank.bankingapp.BankingAppApplication - Started BankingAppApplication in 3.057 seconds (process running for 3.807)
2024-08-18 19:20:49.734 [main] INFO  dev.bank.bankingapp.BankingAppApplication - Info log
2024-08-18 19:20:49.735 [main] WARN  dev.bank.bankingapp.BankingAppApplication - Hey, This is a warning!
2024-08-18 19:20:49.735 [main] ERROR dev.bank.bankingapp.BankingAppApplication - Oops! We have an Error. OK
2024-08-18 19:20:49.735 [main] FATAL dev.bank.bankingapp.BankingAppApplication - Damn! Fatal error. Please fix me.
2024-08-18 19:21:47.538 [SpringApplicationShutdownHook] INFO  com.zaxxer.hikari.HikariDataSource - HikariPool-1 - Shutdown initiated...
2024-08-18 19:21:47.541 [SpringApplicationShutdownHook] INFO  com.zaxxer.hikari.HikariDataSource - HikariPool-1 - Shutdown completed.
background-preinit INFO  org.hibernate.validator.internal.util.Version - HV000001: Hibernate Validator 8.0.1.Final
main INFO  dev.bank.bankingapp.BankingAppApplication - Starting BankingAppApplication using Java 21.0.3 with PID 7104 (C:\Development\Projects\Springboot\banking-app\banking-app\target\classes started by moham in C:\Development\Projects\Springboot\banking-app\banking-app)
main INFO  dev.bank.bankingapp.BankingAppApplication - No active profile set, falling back to 1 default profile: "default"
main INFO  org.apache.coyote.http11.Http11NioProtocol - Initializing ProtocolHandler ["http-nio-8080"]
main INFO  org.apache.catalina.core.StandardService - Starting service [Tomcat]
main INFO  org.apache.catalina.core.StandardEngine - Starting Servlet engine: [Apache Tomcat/10.1.26]
main INFO  org.apache.catalina.core.ContainerBase.[Tomcat].[localhost].[/] - Initializing Spring embedded WebApplicationContext
main INFO  org.hibernate.jpa.internal.util.LogHelper - HHH000204: Processing PersistenceUnitInfo [name: default]
main INFO  org.hibernate.Version - HHH000412: Hibernate ORM core version 6.5.2.Final
main INFO  org.hibernate.cache.internal.RegionFactoryInitiator - HHH000026: Second-level cache disabled
main INFO  com.zaxxer.hikari.HikariDataSource - HikariPool-1 - Starting...
main INFO  com.zaxxer.hikari.pool.HikariPool - HikariPool-1 - Added connection conn0: url=jdbc:h2:mem:testdb user=SA
main INFO  com.zaxxer.hikari.HikariDataSource - HikariPool-1 - Start completed.
main WARN  org.hibernate.orm.deprecation - HHH90000025: H2Dialect does not need to be specified explicitly using 'hibernate.dialect' (remove the property setting and it will be selected by default)
main INFO  org.hibernate.engine.transaction.jta.platform.internal.JtaPlatformInitiator - HHH000489: No JTA platform available (set 'hibernate.transaction.jta.platform' to enable JTA platform integration)
main DEBUG org.hibernate.SQL - create table app_user (id bigint not null, email varchar(255), first_name varchar(255), is_email_verified boolean not null, last_name varchar(255), password varchar(255), phone varchar(255), username varchar(255), primary key (id))
main DEBUG org.hibernate.SQL - create sequence app_user_seq start with 1 increment by 50
main INFO  org.apache.coyote.http11.Http11NioProtocol - Starting ProtocolHandler ["http-nio-8080"]
main INFO  dev.bank.bankingapp.BankingAppApplication - Started BankingAppApplication in 2.973 seconds (process running for 3.828)
main INFO  dev.bank.bankingapp.BankingAppApplication - Info log
main WARN  dev.bank.bankingapp.BankingAppApplication - Hey, This is a warning!
main ERROR dev.bank.bankingapp.BankingAppApplication - Oops! We have an Error. OK
main FATAL dev.bank.bankingapp.BankingAppApplication - Damn! Fatal error. Please fix me.
SpringApplicationShutdownHook INFO  com.zaxxer.hikari.HikariDataSource - HikariPool-1 - Shutdown initiated...
SpringApplicationShutdownHook INFO  com.zaxxer.hikari.HikariDataSource - HikariPool-1 - Shutdown completed.
2024-08-18 19:31:28 ERROR org.springframework.boot.SpringApplication - Application run failed
java.lang.IllegalStateException: java.lang.IllegalStateException: Could not initialize Log4J2 logging from classpath:log4j2-spring.xml
	at org.springframework.boot.context.logging.LoggingApplicationListener.initializeSystem(LoggingApplicationListener.java:347) ~[spring-boot-3.3.2.jar:3.3.2]
	at org.springframework.boot.context.logging.LoggingApplicationListener.initialize(LoggingApplicationListener.java:298) ~[spring-boot-3.3.2.jar:3.3.2]
	at org.springframework.boot.context.logging.LoggingApplicationListener.onApplicationEnvironmentPreparedEvent(LoggingApplicationListener.java:246) ~[spring-boot-3.3.2.jar:3.3.2]
	at org.springframework.boot.context.logging.LoggingApplicationListener.onApplicationEvent(LoggingApplicationListener.java:223) ~[spring-boot-3.3.2.jar:3.3.2]
	at org.springframework.context.event.SimpleApplicationEventMulticaster.doInvokeListener(SimpleApplicationEventMulticaster.java:185) ~[spring-context-6.1.11.jar:6.1.11]
	at org.springframework.context.event.SimpleApplicationEventMulticaster.invokeListener(SimpleApplicationEventMulticaster.java:178) ~[spring-context-6.1.11.jar:6.1.11]
	at org.springframework.context.event.SimpleApplicationEventMulticaster.multicastEvent(SimpleApplicationEventMulticaster.java:156) ~[spring-context-6.1.11.jar:6.1.11]
	at org.springframework.context.event.SimpleApplicationEventMulticaster.multicastEvent(SimpleApplicationEventMulticaster.java:138) ~[spring-context-6.1.11.jar:6.1.11]
	at org.springframework.boot.context.event.EventPublishingRunListener.multicastInitialEvent(EventPublishingRunListener.java:136) ~[spring-boot-3.3.2.jar:3.3.2]
	at org.springframework.boot.context.event.EventPublishingRunListener.environmentPrepared(EventPublishingRunListener.java:81) ~[spring-boot-3.3.2.jar:3.3.2]
	at org.springframework.boot.SpringApplicationRunListeners.lambda$environmentPrepared$2(SpringApplicationRunListeners.java:64) ~[spring-boot-3.3.2.jar:3.3.2]
	at java.lang.Iterable.forEach(Iterable.java:75) ~[?:?]
	at org.springframework.boot.SpringApplicationRunListeners.doWithListeners(SpringApplicationRunListeners.java:118) ~[spring-boot-3.3.2.jar:3.3.2]
	at org.springframework.boot.SpringApplicationRunListeners.doWithListeners(SpringApplicationRunListeners.java:112) ~[spring-boot-3.3.2.jar:3.3.2]
	at org.springframework.boot.SpringApplicationRunListeners.environmentPrepared(SpringApplicationRunListeners.java:63) ~[spring-boot-3.3.2.jar:3.3.2]
	at org.springframework.boot.SpringApplication.prepareEnvironment(SpringApplication.java:370) [spring-boot-3.3.2.jar:3.3.2]
	at org.springframework.boot.SpringApplication.run(SpringApplication.java:330) [spring-boot-3.3.2.jar:3.3.2]
	at org.springframework.boot.SpringApplication.run(SpringApplication.java:1363) [spring-boot-3.3.2.jar:3.3.2]
	at org.springframework.boot.SpringApplication.run(SpringApplication.java:1352) [spring-boot-3.3.2.jar:3.3.2]
	at dev.bank.bankingapp.BankingAppApplication.main(BankingAppApplication.java:17) [classes/:?]
Caused by: java.lang.IllegalStateException: Could not initialize Log4J2 logging from classpath:log4j2-spring.xml
	at org.springframework.boot.logging.log4j2.Log4J2LoggingSystem.loadConfiguration(Log4J2LoggingSystem.java:277) ~[spring-boot-3.3.2.jar:3.3.2]
	at org.springframework.boot.logging.log4j2.Log4J2LoggingSystem.load(Log4J2LoggingSystem.java:246) ~[spring-boot-3.3.2.jar:3.3.2]
	at org.springframework.boot.logging.log4j2.Log4J2LoggingSystem.loadConfiguration(Log4J2LoggingSystem.java:238) ~[spring-boot-3.3.2.jar:3.3.2]
	at org.springframework.boot.logging.AbstractLoggingSystem.initializeWithSpecificConfig(AbstractLoggingSystem.java:67) ~[spring-boot-3.3.2.jar:3.3.2]
	at org.springframework.boot.logging.AbstractLoggingSystem.initialize(AbstractLoggingSystem.java:58) ~[spring-boot-3.3.2.jar:3.3.2]
	at org.springframework.boot.logging.log4j2.Log4J2LoggingSystem.initialize(Log4J2LoggingSystem.java:225) ~[spring-boot-3.3.2.jar:3.3.2]
	at org.springframework.boot.context.logging.LoggingApplicationListener.initializeSystem(LoggingApplicationListener.java:335) ~[spring-boot-3.3.2.jar:3.3.2]
	... 19 more
Caused by: java.io.FileNotFoundException: class path resource [log4j2-spring.xml] cannot be resolved to URL because it does not exist
	at org.springframework.core.io.ClassPathResource.getURL(ClassPathResource.java:230) ~[spring-core-6.1.11.jar:6.1.11]
	at org.springframework.boot.logging.log4j2.Log4J2LoggingSystem.getConfigurationSource(Log4J2LoggingSystem.java:291) ~[spring-boot-3.3.2.jar:3.3.2]
	at org.springframework.boot.logging.log4j2.Log4J2LoggingSystem.load(Log4J2LoggingSystem.java:283) ~[spring-boot-3.3.2.jar:3.3.2]
	at org.springframework.boot.logging.log4j2.Log4J2LoggingSystem.loadConfiguration(Log4J2LoggingSystem.java:268) ~[spring-boot-3.3.2.jar:3.3.2]
	at org.springframework.boot.logging.log4j2.Log4J2LoggingSystem.load(Log4J2LoggingSystem.java:246) ~[spring-boot-3.3.2.jar:3.3.2]
	at org.springframework.boot.logging.log4j2.Log4J2LoggingSystem.loadConfiguration(Log4J2LoggingSystem.java:238) ~[spring-boot-3.3.2.jar:3.3.2]
	at org.springframework.boot.logging.AbstractLoggingSystem.initializeWithSpecificConfig(AbstractLoggingSystem.java:67) ~[spring-boot-3.3.2.jar:3.3.2]
	at org.springframework.boot.logging.AbstractLoggingSystem.initialize(AbstractLoggingSystem.java:58) ~[spring-boot-3.3.2.jar:3.3.2]
	at org.springframework.boot.logging.log4j2.Log4J2LoggingSystem.initialize(Log4J2LoggingSystem.java:225) ~[spring-boot-3.3.2.jar:3.3.2]
	at org.springframework.boot.context.logging.LoggingApplicationListener.initializeSystem(LoggingApplicationListener.java:335) ~[spring-boot-3.3.2.jar:3.3.2]
	... 19 more
2024-08-18 19:31:49 INFO  org.hibernate.validator.internal.util.Version - HV000001: Hibernate Validator 8.0.1.Final
2024-08-18 19:31:49 INFO  dev.bank.bankingapp.BankingAppApplication - Starting BankingAppApplication using Java 21.0.3 with PID 11512 (C:\Development\Projects\Springboot\banking-app\banking-app\target\classes started by moham in C:\Development\Projects\Springboot\banking-app\banking-app)
2024-08-18 19:31:49 INFO  dev.bank.bankingapp.BankingAppApplication - No active profile set, falling back to 1 default profile: "default"
2024-08-18 19:31:50 INFO  org.springframework.data.repository.config.RepositoryConfigurationDelegate - Bootstrapping Spring Data JPA repositories in DEFAULT mode.
2024-08-18 19:31:50 INFO  org.springframework.data.repository.config.RepositoryConfigurationDelegate - Finished Spring Data repository scanning in 34 ms. Found 1 JPA repository interface.
2024-08-18 19:31:50 INFO  org.springframework.boot.web.embedded.tomcat.TomcatWebServer - Tomcat initialized with port 8080 (http)
2024-08-18 19:31:50 INFO  org.apache.coyote.http11.Http11NioProtocol - Initializing ProtocolHandler ["http-nio-8080"]
2024-08-18 19:31:50 INFO  org.apache.catalina.core.StandardService - Starting service [Tomcat]
2024-08-18 19:31:50 INFO  org.apache.catalina.core.StandardEngine - Starting Servlet engine: [Apache Tomcat/10.1.26]
2024-08-18 19:31:50 INFO  org.apache.catalina.core.ContainerBase.[Tomcat].[localhost].[/] - Initializing Spring embedded WebApplicationContext
2024-08-18 19:31:50 INFO  org.springframework.boot.web.servlet.context.ServletWebServerApplicationContext - Root WebApplicationContext: initialization completed in 814 ms
2024-08-18 19:31:50 INFO  org.hibernate.jpa.internal.util.LogHelper - HHH000204: Processing PersistenceUnitInfo [name: default]
2024-08-18 19:31:50 INFO  org.hibernate.Version - HHH000412: Hibernate ORM core version 6.5.2.Final
2024-08-18 19:31:50 INFO  org.hibernate.cache.internal.RegionFactoryInitiator - HHH000026: Second-level cache disabled
2024-08-18 19:31:50 INFO  org.springframework.orm.jpa.persistenceunit.SpringPersistenceUnitInfo - No LoadTimeWeaver setup: ignoring JPA class transformer
2024-08-18 19:31:51 INFO  com.zaxxer.hikari.HikariDataSource - HikariPool-1 - Starting...
2024-08-18 19:31:51 INFO  com.zaxxer.hikari.pool.HikariPool - HikariPool-1 - Added connection conn0: url=jdbc:h2:mem:testdb user=SA
2024-08-18 19:31:51 INFO  com.zaxxer.hikari.HikariDataSource - HikariPool-1 - Start completed.
2024-08-18 19:31:51 WARN  org.hibernate.orm.deprecation - HHH90000025: H2Dialect does not need to be specified explicitly using 'hibernate.dialect' (remove the property setting and it will be selected by default)
2024-08-18 19:31:51 INFO  org.hibernate.engine.transaction.jta.platform.internal.JtaPlatformInitiator - HHH000489: No JTA platform available (set 'hibernate.transaction.jta.platform' to enable JTA platform integration)
2024-08-18 19:31:51 INFO  org.springframework.orm.jpa.LocalContainerEntityManagerFactoryBean - Initialized JPA EntityManagerFactory for persistence unit 'default'
2024-08-18 19:31:52 WARN  org.springframework.boot.autoconfigure.orm.jpa.JpaBaseConfiguration$JpaWebConfiguration - spring.jpa.open-in-view is enabled by default. Therefore, database queries may be performed during view rendering. Explicitly configure spring.jpa.open-in-view to disable this warning
2024-08-18 19:31:52 INFO  org.apache.coyote.http11.Http11NioProtocol - Starting ProtocolHandler ["http-nio-8080"]
2024-08-18 19:31:52 INFO  org.springframework.boot.web.embedded.tomcat.TomcatWebServer - Tomcat started on port 8080 (http) with context path '/'
2024-08-18 19:31:52 INFO  dev.bank.bankingapp.BankingAppApplication - Started BankingAppApplication in 3.024 seconds (process running for 3.862)
2024-08-18 19:31:52 INFO  dev.bank.bankingapp.BankingAppApplication - Info log
2024-08-18 19:31:52 WARN  dev.bank.bankingapp.BankingAppApplication - Hey, This is a warning!
2024-08-18 19:31:52 ERROR dev.bank.bankingapp.BankingAppApplication - Oops! We have an Error. OK
2024-08-18 19:31:52 FATAL dev.bank.bankingapp.BankingAppApplication - Damn! Fatal error. Please fix me.
2024-08-18 19:33:38 INFO  org.springframework.orm.jpa.LocalContainerEntityManagerFactoryBean - Closing JPA EntityManagerFactory for persistence unit 'default'
2024-08-18 19:33:38 INFO  com.zaxxer.hikari.HikariDataSource - HikariPool-1 - Shutdown initiated...
2024-08-18 19:33:38 INFO  com.zaxxer.hikari.HikariDataSource - HikariPool-1 - Shutdown completed.
2024-08-18 19:33:40 INFO  org.hibernate.validator.internal.util.Version - HV000001: Hibernate Validator 8.0.1.Final
2024-08-18 19:33:40 INFO  dev.bank.bankingapp.BankingAppApplication - Starting BankingAppApplication using Java 21.0.3 with PID 12572 (C:\Development\Projects\Springboot\banking-app\banking-app\target\classes started by moham in C:\Development\Projects\Springboot\banking-app\banking-app)
2024-08-18 19:33:40 INFO  dev.bank.bankingapp.BankingAppApplication - No active profile set, falling back to 1 default profile: "default"
2024-08-18 19:33:41 INFO  org.springframework.data.repository.config.RepositoryConfigurationDelegate - Bootstrapping Spring Data JPA repositories in DEFAULT mode.
2024-08-18 19:33:41 INFO  org.springframework.data.repository.config.RepositoryConfigurationDelegate - Finished Spring Data repository scanning in 31 ms. Found 1 JPA repository interface.
2024-08-18 19:33:41 INFO  org.springframework.boot.web.embedded.tomcat.TomcatWebServer - Tomcat initialized with port 8080 (http)
2024-08-18 19:33:41 INFO  org.apache.coyote.http11.Http11NioProtocol - Initializing ProtocolHandler ["http-nio-8080"]
2024-08-18 19:33:41 INFO  org.apache.catalina.core.StandardService - Starting service [Tomcat]
2024-08-18 19:33:41 INFO  org.apache.catalina.core.StandardEngine - Starting Servlet engine: [Apache Tomcat/10.1.26]
2024-08-18 19:33:41 INFO  org.apache.catalina.core.ContainerBase.[Tomcat].[localhost].[/] - Initializing Spring embedded WebApplicationContext
2024-08-18 19:33:41 INFO  org.springframework.boot.web.servlet.context.ServletWebServerApplicationContext - Root WebApplicationContext: initialization completed in 789 ms
2024-08-18 19:33:41 INFO  org.hibernate.jpa.internal.util.LogHelper - HHH000204: Processing PersistenceUnitInfo [name: default]
2024-08-18 19:33:41 INFO  org.hibernate.Version - HHH000412: Hibernate ORM core version 6.5.2.Final
2024-08-18 19:33:41 INFO  org.hibernate.cache.internal.RegionFactoryInitiator - HHH000026: Second-level cache disabled
2024-08-18 19:33:41 INFO  org.springframework.orm.jpa.persistenceunit.SpringPersistenceUnitInfo - No LoadTimeWeaver setup: ignoring JPA class transformer
2024-08-18 19:33:41 INFO  com.zaxxer.hikari.HikariDataSource - HikariPool-1 - Starting...
2024-08-18 19:33:42 INFO  com.zaxxer.hikari.pool.HikariPool - HikariPool-1 - Added connection conn0: url=jdbc:h2:mem:testdb user=SA
2024-08-18 19:33:42 INFO  com.zaxxer.hikari.HikariDataSource - HikariPool-1 - Start completed.
2024-08-18 19:33:42 WARN  org.hibernate.orm.deprecation - HHH90000025: H2Dialect does not need to be specified explicitly using 'hibernate.dialect' (remove the property setting and it will be selected by default)
2024-08-18 19:33:42 INFO  org.hibernate.engine.transaction.jta.platform.internal.JtaPlatformInitiator - HHH000489: No JTA platform available (set 'hibernate.transaction.jta.platform' to enable JTA platform integration)
2024-08-18 19:33:42 INFO  org.springframework.orm.jpa.LocalContainerEntityManagerFactoryBean - Initialized JPA EntityManagerFactory for persistence unit 'default'
2024-08-18 19:33:43 WARN  org.springframework.boot.autoconfigure.orm.jpa.JpaBaseConfiguration$JpaWebConfiguration - spring.jpa.open-in-view is enabled by default. Therefore, database queries may be performed during view rendering. Explicitly configure spring.jpa.open-in-view to disable this warning
2024-08-18 19:33:43 INFO  org.apache.coyote.http11.Http11NioProtocol - Starting ProtocolHandler ["http-nio-8080"]
2024-08-18 19:33:43 INFO  org.springframework.boot.web.embedded.tomcat.TomcatWebServer - Tomcat started on port 8080 (http) with context path '/'
2024-08-18 19:33:43 INFO  dev.bank.bankingapp.BankingAppApplication - Started BankingAppApplication in 3.122 seconds (process running for 3.928)
2024-08-18 19:33:43 INFO  dev.bank.bankingapp.BankingAppApplication - Info log
2024-08-18 19:33:43 WARN  dev.bank.bankingapp.BankingAppApplication - Hey, This is a warning!
2024-08-18 19:33:43 ERROR dev.bank.bankingapp.BankingAppApplication - Oops! We have an Error. OK
2024-08-18 19:33:43 FATAL dev.bank.bankingapp.BankingAppApplication - Damn! Fatal error. Please fix me.
2024-08-18 19:33:54 INFO  org.springframework.orm.jpa.LocalContainerEntityManagerFactoryBean - Closing JPA EntityManagerFactory for persistence unit 'default'
2024-08-18 19:33:54 INFO  com.zaxxer.hikari.HikariDataSource - HikariPool-1 - Shutdown initiated...
2024-08-18 19:33:54 INFO  com.zaxxer.hikari.HikariDataSource - HikariPool-1 - Shutdown completed.
2024-08-18 19:33:56 INFO  org.hibernate.validator.internal.util.Version - HV000001: Hibernate Validator 8.0.1.Final
2024-08-18 19:33:56 INFO  dev.bank.bankingapp.BankingAppApplication - Starting BankingAppApplication using Java 21.0.3 with PID 22656 (C:\Development\Projects\Springboot\banking-app\banking-app\target\classes started by moham in C:\Development\Projects\Springboot\banking-app\banking-app)
2024-08-18 19:33:56 INFO  dev.bank.bankingapp.BankingAppApplication - No active profile set, falling back to 1 default profile: "default"
2024-08-18 19:33:56 INFO  org.springframework.data.repository.config.RepositoryConfigurationDelegate - Bootstrapping Spring Data JPA repositories in DEFAULT mode.
2024-08-18 19:33:56 INFO  org.springframework.data.repository.config.RepositoryConfigurationDelegate - Finished Spring Data repository scanning in 32 ms. Found 1 JPA repository interface.
2024-08-18 19:33:57 INFO  org.springframework.boot.web.embedded.tomcat.TomcatWebServer - Tomcat initialized with port 8080 (http)
2024-08-18 19:33:57 INFO  org.apache.coyote.http11.Http11NioProtocol - Initializing ProtocolHandler ["http-nio-8080"]
2024-08-18 19:33:57 INFO  org.apache.catalina.core.StandardService - Starting service [Tomcat]
2024-08-18 19:33:57 INFO  org.apache.catalina.core.StandardEngine - Starting Servlet engine: [Apache Tomcat/10.1.26]
2024-08-18 19:33:57 INFO  org.apache.catalina.core.ContainerBase.[Tomcat].[localhost].[/] - Initializing Spring embedded WebApplicationContext
2024-08-18 19:33:57 INFO  org.springframework.boot.web.servlet.context.ServletWebServerApplicationContext - Root WebApplicationContext: initialization completed in 774 ms
2024-08-18 19:33:57 INFO  org.hibernate.jpa.internal.util.LogHelper - HHH000204: Processing PersistenceUnitInfo [name: default]
2024-08-18 19:33:57 INFO  org.hibernate.Version - HHH000412: Hibernate ORM core version 6.5.2.Final
2024-08-18 19:33:57 INFO  org.hibernate.cache.internal.RegionFactoryInitiator - HHH000026: Second-level cache disabled
2024-08-18 19:33:57 INFO  org.springframework.orm.jpa.persistenceunit.SpringPersistenceUnitInfo - No LoadTimeWeaver setup: ignoring JPA class transformer
2024-08-18 19:33:57 INFO  com.zaxxer.hikari.HikariDataSource - HikariPool-1 - Starting...
2024-08-18 19:33:57 INFO  com.zaxxer.hikari.pool.HikariPool - HikariPool-1 - Added connection conn0: url=jdbc:h2:mem:testdb user=SA
2024-08-18 19:33:57 INFO  com.zaxxer.hikari.HikariDataSource - HikariPool-1 - Start completed.
2024-08-18 19:33:57 WARN  org.hibernate.orm.deprecation - HHH90000025: H2Dialect does not need to be specified explicitly using 'hibernate.dialect' (remove the property setting and it will be selected by default)
2024-08-18 19:33:58 INFO  org.hibernate.engine.transaction.jta.platform.internal.JtaPlatformInitiator - HHH000489: No JTA platform available (set 'hibernate.transaction.jta.platform' to enable JTA platform integration)
2024-08-18 19:33:58 INFO  org.springframework.orm.jpa.LocalContainerEntityManagerFactoryBean - Initialized JPA EntityManagerFactory for persistence unit 'default'
2024-08-18 19:33:58 WARN  org.springframework.boot.autoconfigure.orm.jpa.JpaBaseConfiguration$JpaWebConfiguration - spring.jpa.open-in-view is enabled by default. Therefore, database queries may be performed during view rendering. Explicitly configure spring.jpa.open-in-view to disable this warning
2024-08-18 19:33:58 INFO  org.apache.coyote.http11.Http11NioProtocol - Starting ProtocolHandler ["http-nio-8080"]
2024-08-18 19:33:58 INFO  org.springframework.boot.web.embedded.tomcat.TomcatWebServer - Tomcat started on port 8080 (http) with context path '/'
2024-08-18 19:33:58 INFO  dev.bank.bankingapp.BankingAppApplication - Started BankingAppApplication in 2.978 seconds (process running for 3.842)
2024-08-18 19:33:58 INFO  dev.bank.bankingapp.BankingAppApplication - Info log
2024-08-18 19:33:58 WARN  dev.bank.bankingapp.BankingAppApplication - Hey, This is a warning!
2024-08-18 19:33:58 ERROR dev.bank.bankingapp.BankingAppApplication - Oops! We have an Error. OK
2024-08-18 19:33:58 FATAL dev.bank.bankingapp.BankingAppApplication - Damn! Fatal error. Please fix me.
2024-08-18 19:34:22 INFO  org.springframework.orm.jpa.LocalContainerEntityManagerFactoryBean - Closing JPA EntityManagerFactory for persistence unit 'default'
2024-08-18 19:34:22 INFO  com.zaxxer.hikari.HikariDataSource - HikariPool-1 - Shutdown initiated...
2024-08-18 19:34:22 INFO  com.zaxxer.hikari.HikariDataSource - HikariPool-1 - Shutdown completed.
2024-08-18 19:34:24 INFO  org.hibernate.validator.internal.util.Version - HV000001: Hibernate Validator 8.0.1.Final
2024-08-18 19:34:24 INFO  dev.bank.bankingapp.BankingAppApplication - Starting BankingAppApplication using Java 21.0.3 with PID 12760 (C:\Development\Projects\Springboot\banking-app\banking-app\target\classes started by moham in C:\Development\Projects\Springboot\banking-app\banking-app)
2024-08-18 19:34:24 INFO  dev.bank.bankingapp.BankingAppApplication - No active profile set, falling back to 1 default profile: "default"
2024-08-18 19:34:25 INFO  org.springframework.data.repository.config.RepositoryConfigurationDelegate - Bootstrapping Spring Data JPA repositories in DEFAULT mode.
2024-08-18 19:34:25 INFO  org.springframework.data.repository.config.RepositoryConfigurationDelegate - Finished Spring Data repository scanning in 32 ms. Found 1 JPA repository interface.
2024-08-18 19:34:25 INFO  org.springframework.boot.web.embedded.tomcat.TomcatWebServer - Tomcat initialized with port 8080 (http)
2024-08-18 19:34:25 INFO  org.apache.coyote.http11.Http11NioProtocol - Initializing ProtocolHandler ["http-nio-8080"]
2024-08-18 19:34:25 INFO  org.apache.catalina.core.StandardService - Starting service [Tomcat]
2024-08-18 19:34:25 INFO  org.apache.catalina.core.StandardEngine - Starting Servlet engine: [Apache Tomcat/10.1.26]
2024-08-18 19:34:25 INFO  org.apache.catalina.core.ContainerBase.[Tomcat].[localhost].[/] - Initializing Spring embedded WebApplicationContext
2024-08-18 19:34:25 INFO  org.springframework.boot.web.servlet.context.ServletWebServerApplicationContext - Root WebApplicationContext: initialization completed in 801 ms
2024-08-18 19:34:25 INFO  org.hibernate.jpa.internal.util.LogHelper - HHH000204: Processing PersistenceUnitInfo [name: default]
2024-08-18 19:34:25 INFO  org.hibernate.Version - HHH000412: Hibernate ORM core version 6.5.2.Final
2024-08-18 19:34:25 INFO  org.hibernate.cache.internal.RegionFactoryInitiator - HHH000026: Second-level cache disabled
2024-08-18 19:34:26 INFO  org.springframework.orm.jpa.persistenceunit.SpringPersistenceUnitInfo - No LoadTimeWeaver setup: ignoring JPA class transformer
2024-08-18 19:34:26 INFO  com.zaxxer.hikari.HikariDataSource - HikariPool-1 - Starting...
2024-08-18 19:34:26 INFO  com.zaxxer.hikari.pool.HikariPool - HikariPool-1 - Added connection conn0: url=jdbc:h2:mem:testdb user=SA
2024-08-18 19:34:26 INFO  com.zaxxer.hikari.HikariDataSource - HikariPool-1 - Start completed.
2024-08-18 19:34:26 WARN  org.hibernate.orm.deprecation - HHH90000025: H2Dialect does not need to be specified explicitly using 'hibernate.dialect' (remove the property setting and it will be selected by default)
2024-08-18 19:34:26 INFO  org.hibernate.engine.transaction.jta.platform.internal.JtaPlatformInitiator - HHH000489: No JTA platform available (set 'hibernate.transaction.jta.platform' to enable JTA platform integration)
2024-08-18 19:34:26 INFO  org.springframework.orm.jpa.LocalContainerEntityManagerFactoryBean - Initialized JPA EntityManagerFactory for persistence unit 'default'
2024-08-18 19:34:27 WARN  org.springframework.boot.autoconfigure.orm.jpa.JpaBaseConfiguration$JpaWebConfiguration - spring.jpa.open-in-view is enabled by default. Therefore, database queries may be performed during view rendering. Explicitly configure spring.jpa.open-in-view to disable this warning
2024-08-18 19:34:27 INFO  org.apache.coyote.http11.Http11NioProtocol - Starting ProtocolHandler ["http-nio-8080"]
2024-08-18 19:34:27 INFO  org.springframework.boot.web.embedded.tomcat.TomcatWebServer - Tomcat started on port 8080 (http) with context path '/'
2024-08-18 19:34:27 INFO  dev.bank.bankingapp.BankingAppApplication - Started BankingAppApplication in 2.867 seconds (process running for 3.728)
2024-08-18 19:34:27 INFO  dev.bank.bankingapp.BankingAppApplication - Info log
2024-08-18 19:34:27 WARN  dev.bank.bankingapp.BankingAppApplication - Hey, This is a warning!
2024-08-18 19:34:27 ERROR dev.bank.bankingapp.BankingAppApplication - Oops! We have an Error. OK
2024-08-18 19:34:27 FATAL dev.bank.bankingapp.BankingAppApplication - Damn! Fatal error. Please fix me.
2024-08-18 19:37:50 INFO  org.springframework.orm.jpa.LocalContainerEntityManagerFactoryBean - Closing JPA EntityManagerFactory for persistence unit 'default'
2024-08-18 19:37:50 INFO  com.zaxxer.hikari.HikariDataSource - HikariPool-1 - Shutdown initiated...
2024-08-18 19:37:50 INFO  com.zaxxer.hikari.HikariDataSource - HikariPool-1 - Shutdown completed.
