2024-08-18 19:23:13.957 [background-preinit] INFO  org.hibernate.validator.internal.util.Version - HV000001: Hibernate Validator 8.0.1.Final
2024-08-18 19:23:13.984 [main] INFO  dev.bank.bankingapp.BankingAppApplication - Starting BankingAppApplication using Java 21.0.3 with PID 17104 (C:\Development\Projects\Springboot\banking-app\banking-app\target\classes started by moham in C:\Development\Projects\Springboot\banking-app\banking-app)
2024-08-18 19:23:13.986 [main] INFO  dev.bank.bankingapp.BankingAppApplication - No active profile set, falling back to 1 default profile: "default"
2024-08-18 19:23:14.417 [main] INFO  org.springframework.data.repository.config.RepositoryConfigurationDelegate - Bootstrapping Spring Data JPA repositories in DEFAULT mode.
2024-08-18 19:23:14.465 [main] INFO  org.springframework.data.repository.config.RepositoryConfigurationDelegate - Finished Spring Data repository scanning in 42 ms. Found 1 JPA repository interface.
2024-08-18 19:23:14.800 [main] INFO  org.springframework.boot.web.embedded.tomcat.TomcatWebServer - Tomcat initialized with port 8080 (http)
2024-08-18 19:23:14.808 [main] INFO  org.apache.coyote.http11.Http11NioProtocol - Initializing ProtocolHandler ["http-nio-8080"]
2024-08-18 19:23:14.809 [main] INFO  org.apache.catalina.core.StandardService - Starting service [Tomcat]
2024-08-18 19:23:14.809 [main] INFO  org.apache.catalina.core.StandardEngine - Starting Servlet engine: [Apache Tomcat/10.1.26]
2024-08-18 19:23:14.844 [main] INFO  org.apache.catalina.core.ContainerBase.[Tomcat].[localhost].[/] - Initializing Spring embedded WebApplicationContext
2024-08-18 19:23:14.844 [main] INFO  org.springframework.boot.web.servlet.context.ServletWebServerApplicationContext - Root WebApplicationContext: initialization completed in 832 ms
2024-08-18 19:23:14.971 [main] INFO  org.hibernate.jpa.internal.util.LogHelper - HHH000204: Processing PersistenceUnitInfo [name: default]
2024-08-18 19:23:15.013 [main] INFO  org.hibernate.Version - HHH000412: Hibernate ORM core version 6.5.2.Final
2024-08-18 19:23:15.038 [main] INFO  org.hibernate.cache.internal.RegionFactoryInitiator - HHH000026: Second-level cache disabled
2024-08-18 19:23:15.259 [main] INFO  org.springframework.orm.jpa.persistenceunit.SpringPersistenceUnitInfo - No LoadTimeWeaver setup: ignoring JPA class transformer
2024-08-18 19:23:15.284 [main] INFO  com.zaxxer.hikari.HikariDataSource - HikariPool-1 - Starting...
2024-08-18 19:23:15.414 [main] INFO  com.zaxxer.hikari.pool.HikariPool - HikariPool-1 - Added connection conn0: url=jdbc:h2:mem:testdb user=SA
2024-08-18 19:23:15.415 [main] INFO  com.zaxxer.hikari.HikariDataSource - HikariPool-1 - Start completed.
2024-08-18 19:23:15.433 [main] WARN  org.hibernate.orm.deprecation - HHH90000025: H2Dialect does not need to be specified explicitly using 'hibernate.dialect' (remove the property setting and it will be selected by default)
2024-08-18 19:23:16.093 [main] INFO  org.hibernate.engine.transaction.jta.platform.internal.JtaPlatformInitiator - HHH000489: No JTA platform available (set 'hibernate.transaction.jta.platform' to enable JTA platform integration)
2024-08-18 19:23:16.120 [main] INFO  org.springframework.orm.jpa.LocalContainerEntityManagerFactoryBean - Initialized JPA EntityManagerFactory for persistence unit 'default'
2024-08-18 19:23:16.371 [main] WARN  org.springframework.boot.autoconfigure.orm.jpa.JpaBaseConfiguration$JpaWebConfiguration - spring.jpa.open-in-view is enabled by default. Therefore, database queries may be performed during view rendering. Explicitly configure spring.jpa.open-in-view to disable this warning
2024-08-18 19:23:16.606 [main] INFO  org.apache.coyote.http11.Http11NioProtocol - Starting ProtocolHandler ["http-nio-8080"]
2024-08-18 19:23:16.618 [main] INFO  org.springframework.boot.web.embedded.tomcat.TomcatWebServer - Tomcat started on port 8080 (http) with context path '/'
2024-08-18 19:23:16.623 [main] INFO  dev.bank.bankingapp.BankingAppApplication - Started BankingAppApplication in 2.99 seconds (process running for 3.766)
2024-08-18 19:23:16.625 [main] INFO  dev.bank.bankingapp.BankingAppApplication - Info log
2024-08-18 19:23:16.625 [main] WARN  dev.bank.bankingapp.BankingAppApplication - Hey, This is a warning!
2024-08-18 19:23:16.625 [main] ERROR dev.bank.bankingapp.BankingAppApplication - Oops! We have an Error. OK
2024-08-18 19:23:16.625 [main] FATAL dev.bank.bankingapp.BankingAppApplication - Damn! Fatal error. Please fix me.
2024-08-18 19:24:15.239 [SpringApplicationShutdownHook] INFO  org.springframework.orm.jpa.LocalContainerEntityManagerFactoryBean - Closing JPA EntityManagerFactory for persistence unit 'default'
2024-08-18 19:24:15.243 [SpringApplicationShutdownHook] INFO  com.zaxxer.hikari.HikariDataSource - HikariPool-1 - Shutdown initiated...
2024-08-18 19:24:15.245 [SpringApplicationShutdownHook] INFO  com.zaxxer.hikari.HikariDataSource - HikariPool-1 - Shutdown completed.
2024-08-18 19:24:17.420 [background-preinit] INFO  org.hibernate.validator.internal.util.Version - HV000001: Hibernate Validator 8.0.1.Final
2024-08-18 19:24:17.447 [main] INFO  dev.bank.bankingapp.BankingAppApplication - Starting BankingAppApplication using Java 21.0.3 with PID 20264 (C:\Development\Projects\Springboot\banking-app\banking-app\target\classes started by moham in C:\Development\Projects\Springboot\banking-app\banking-app)
2024-08-18 19:24:17.450 [main] INFO  dev.bank.bankingapp.BankingAppApplication - No active profile set, falling back to 1 default profile: "default"
2024-08-18 19:24:17.934 [main] INFO  org.springframework.data.repository.config.RepositoryConfigurationDelegate - Bootstrapping Spring Data JPA repositories in DEFAULT mode.
2024-08-18 19:24:17.975 [main] INFO  org.springframework.data.repository.config.RepositoryConfigurationDelegate - Finished Spring Data repository scanning in 35 ms. Found 1 JPA repository interface.
2024-08-18 19:24:18.307 [main] INFO  org.springframework.boot.web.embedded.tomcat.TomcatWebServer - Tomcat initialized with port 8080 (http)
2024-08-18 19:24:18.315 [main] INFO  org.apache.coyote.http11.Http11NioProtocol - Initializing ProtocolHandler ["http-nio-8080"]
2024-08-18 19:24:18.317 [main] INFO  org.apache.catalina.core.StandardService - Starting service [Tomcat]
2024-08-18 19:24:18.317 [main] INFO  org.apache.catalina.core.StandardEngine - Starting Servlet engine: [Apache Tomcat/10.1.26]
2024-08-18 19:24:18.352 [main] INFO  org.apache.catalina.core.ContainerBase.[Tomcat].[localhost].[/] - Initializing Spring embedded WebApplicationContext
2024-08-18 19:24:18.352 [main] INFO  org.springframework.boot.web.servlet.context.ServletWebServerApplicationContext - Root WebApplicationContext: initialization completed in 877 ms
2024-08-18 19:24:18.472 [main] INFO  org.hibernate.jpa.internal.util.LogHelper - HHH000204: Processing PersistenceUnitInfo [name: default]
2024-08-18 19:24:18.510 [main] INFO  org.hibernate.Version - HHH000412: Hibernate ORM core version 6.5.2.Final
2024-08-18 19:24:18.538 [main] INFO  org.hibernate.cache.internal.RegionFactoryInitiator - HHH000026: Second-level cache disabled
2024-08-18 19:24:18.753 [main] INFO  org.springframework.orm.jpa.persistenceunit.SpringPersistenceUnitInfo - No LoadTimeWeaver setup: ignoring JPA class transformer
2024-08-18 19:24:18.773 [main] INFO  com.zaxxer.hikari.HikariDataSource - HikariPool-1 - Starting...
2024-08-18 19:24:18.905 [main] INFO  com.zaxxer.hikari.pool.HikariPool - HikariPool-1 - Added connection conn0: url=jdbc:h2:mem:testdb user=SA
2024-08-18 19:24:18.906 [main] INFO  com.zaxxer.hikari.HikariDataSource - HikariPool-1 - Start completed.
2024-08-18 19:24:18.925 [main] WARN  org.hibernate.orm.deprecation - HHH90000025: H2Dialect does not need to be specified explicitly using 'hibernate.dialect' (remove the property setting and it will be selected by default)
2024-08-18 19:24:19.585 [main] INFO  org.hibernate.engine.transaction.jta.platform.internal.JtaPlatformInitiator - HHH000489: No JTA platform available (set 'hibernate.transaction.jta.platform' to enable JTA platform integration)
2024-08-18 19:24:19.615 [main] INFO  org.springframework.orm.jpa.LocalContainerEntityManagerFactoryBean - Initialized JPA EntityManagerFactory for persistence unit 'default'
2024-08-18 19:24:19.866 [main] WARN  org.springframework.boot.autoconfigure.orm.jpa.JpaBaseConfiguration$JpaWebConfiguration - spring.jpa.open-in-view is enabled by default. Therefore, database queries may be performed during view rendering. Explicitly configure spring.jpa.open-in-view to disable this warning
2024-08-18 19:24:20.118 [main] INFO  org.apache.coyote.http11.Http11NioProtocol - Starting ProtocolHandler ["http-nio-8080"]
2024-08-18 19:24:20.130 [main] INFO  org.springframework.boot.web.embedded.tomcat.TomcatWebServer - Tomcat started on port 8080 (http) with context path '/'
2024-08-18 19:24:20.135 [main] INFO  dev.bank.bankingapp.BankingAppApplication - Started BankingAppApplication in 3.052 seconds (process running for 3.812)
2024-08-18 19:24:20.137 [main] INFO  dev.bank.bankingapp.BankingAppApplication - Info log
2024-08-18 19:24:20.137 [main] WARN  dev.bank.bankingapp.BankingAppApplication - Hey, This is a warning!
2024-08-18 19:24:20.137 [main] ERROR dev.bank.bankingapp.BankingAppApplication - Oops! We have an Error. OK
2024-08-18 19:24:20.137 [main] FATAL dev.bank.bankingapp.BankingAppApplication - Damn! Fatal error. Please fix me.
2024-08-18 19:24:38.158 [SpringApplicationShutdownHook] INFO  org.springframework.orm.jpa.LocalContainerEntityManagerFactoryBean - Closing JPA EntityManagerFactory for persistence unit 'default'
2024-08-18 19:24:38.160 [SpringApplicationShutdownHook] INFO  com.zaxxer.hikari.HikariDataSource - HikariPool-1 - Shutdown initiated...
2024-08-18 19:24:38.163 [SpringApplicationShutdownHook] INFO  com.zaxxer.hikari.HikariDataSource - HikariPool-1 - Shutdown completed.
2024-08-18 19:24:43.342 [background-preinit] INFO  org.hibernate.validator.internal.util.Version - HV000001: Hibernate Validator 8.0.1.Final
2024-08-18 19:24:43.369 [main] INFO  dev.bank.bankingapp.BankingAppApplication - Starting BankingAppApplication using Java 21.0.3 with PID 14820 (C:\Development\Projects\Springboot\banking-app\banking-app\target\classes started by moham in C:\Development\Projects\Springboot\banking-app\banking-app)
2024-08-18 19:24:43.372 [main] INFO  dev.bank.bankingapp.BankingAppApplication - No active profile set, falling back to 1 default profile: "default"
2024-08-18 19:24:43.814 [main] INFO  org.springframework.data.repository.config.RepositoryConfigurationDelegate - Bootstrapping Spring Data JPA repositories in DEFAULT mode.
2024-08-18 19:24:43.852 [main] INFO  org.springframework.data.repository.config.RepositoryConfigurationDelegate - Finished Spring Data repository scanning in 33 ms. Found 1 JPA repository interface.
2024-08-18 19:24:44.165 [main] INFO  org.springframework.boot.web.embedded.tomcat.TomcatWebServer - Tomcat initialized with port 8080 (http)
2024-08-18 19:24:44.172 [main] INFO  org.apache.coyote.http11.Http11NioProtocol - Initializing ProtocolHandler ["http-nio-8080"]
2024-08-18 19:24:44.174 [main] INFO  org.apache.catalina.core.StandardService - Starting service [Tomcat]
2024-08-18 19:24:44.174 [main] INFO  org.apache.catalina.core.StandardEngine - Starting Servlet engine: [Apache Tomcat/10.1.26]
2024-08-18 19:24:44.210 [main] INFO  org.apache.catalina.core.ContainerBase.[Tomcat].[localhost].[/] - Initializing Spring embedded WebApplicationContext
2024-08-18 19:24:44.210 [main] INFO  org.springframework.boot.web.servlet.context.ServletWebServerApplicationContext - Root WebApplicationContext: initialization completed in 810 ms
2024-08-18 19:24:44.325 [main] INFO  org.hibernate.jpa.internal.util.LogHelper - HHH000204: Processing PersistenceUnitInfo [name: default]
2024-08-18 19:24:44.363 [main] INFO  org.hibernate.Version - HHH000412: Hibernate ORM core version 6.5.2.Final
2024-08-18 19:24:44.392 [main] INFO  org.hibernate.cache.internal.RegionFactoryInitiator - HHH000026: Second-level cache disabled
2024-08-18 19:24:44.605 [main] INFO  org.springframework.orm.jpa.persistenceunit.SpringPersistenceUnitInfo - No LoadTimeWeaver setup: ignoring JPA class transformer
2024-08-18 19:24:44.629 [main] INFO  com.zaxxer.hikari.HikariDataSource - HikariPool-1 - Starting...
2024-08-18 19:24:44.766 [main] INFO  com.zaxxer.hikari.pool.HikariPool - HikariPool-1 - Added connection conn0: url=jdbc:h2:mem:testdb user=SA
2024-08-18 19:24:44.767 [main] INFO  com.zaxxer.hikari.HikariDataSource - HikariPool-1 - Start completed.
2024-08-18 19:24:44.786 [main] WARN  org.hibernate.orm.deprecation - HHH90000025: H2Dialect does not need to be specified explicitly using 'hibernate.dialect' (remove the property setting and it will be selected by default)
2024-08-18 19:24:45.470 [main] INFO  org.hibernate.engine.transaction.jta.platform.internal.JtaPlatformInitiator - HHH000489: No JTA platform available (set 'hibernate.transaction.jta.platform' to enable JTA platform integration)
2024-08-18 19:24:45.508 [main] INFO  org.springframework.orm.jpa.LocalContainerEntityManagerFactoryBean - Initialized JPA EntityManagerFactory for persistence unit 'default'
2024-08-18 19:24:45.786 [main] WARN  org.springframework.boot.autoconfigure.orm.jpa.JpaBaseConfiguration$JpaWebConfiguration - spring.jpa.open-in-view is enabled by default. Therefore, database queries may be performed during view rendering. Explicitly configure spring.jpa.open-in-view to disable this warning
2024-08-18 19:24:46.028 [main] INFO  org.apache.coyote.http11.Http11NioProtocol - Starting ProtocolHandler ["http-nio-8080"]
2024-08-18 19:24:46.040 [main] INFO  org.springframework.boot.web.embedded.tomcat.TomcatWebServer - Tomcat started on port 8080 (http) with context path '/'
2024-08-18 19:24:46.046 [main] INFO  dev.bank.bankingapp.BankingAppApplication - Started BankingAppApplication in 3.07 seconds (process running for 3.818)
2024-08-18 19:24:46.048 [main] INFO  dev.bank.bankingapp.BankingAppApplication - Info log
2024-08-18 19:24:46.048 [main] WARN  dev.bank.bankingapp.BankingAppApplication - Hey, This is a warning!
2024-08-18 19:24:46.048 [main] ERROR dev.bank.bankingapp.BankingAppApplication - Oops! We have an Error. OK
2024-08-18 19:24:46.048 [main] FATAL dev.bank.bankingapp.BankingAppApplication - Damn! Fatal error. Please fix me.
2024-08-18 19:25:19.018 [SpringApplicationShutdownHook] INFO  org.springframework.orm.jpa.LocalContainerEntityManagerFactoryBean - Closing JPA EntityManagerFactory for persistence unit 'default'
2024-08-18 19:25:19.020 [SpringApplicationShutdownHook] INFO  com.zaxxer.hikari.HikariDataSource - HikariPool-1 - Shutdown initiated...
2024-08-18 19:25:19.023 [SpringApplicationShutdownHook] INFO  com.zaxxer.hikari.HikariDataSource - HikariPool-1 - Shutdown completed.
2024-08-18 19:25:22.777 [background-preinit] INFO  org.hibernate.validator.internal.util.Version - HV000001: Hibernate Validator 8.0.1.Final
2024-08-18 19:25:22.804 [main] INFO  dev.bank.bankingapp.BankingAppApplication - Starting BankingAppApplication using Java 21.0.3 with PID 6344 (C:\Development\Projects\Springboot\banking-app\banking-app\target\classes started by moham in C:\Development\Projects\Springboot\banking-app\banking-app)
2024-08-18 19:25:22.808 [main] INFO  dev.bank.bankingapp.BankingAppApplication - No active profile set, falling back to 1 default profile: "default"
2024-08-18 19:25:23.293 [main] INFO  org.springframework.data.repository.config.RepositoryConfigurationDelegate - Bootstrapping Spring Data JPA repositories in DEFAULT mode.
2024-08-18 19:25:23.336 [main] INFO  org.springframework.data.repository.config.RepositoryConfigurationDelegate - Finished Spring Data repository scanning in 35 ms. Found 1 JPA repository interface.
2024-08-18 19:25:23.673 [main] INFO  org.springframework.boot.web.embedded.tomcat.TomcatWebServer - Tomcat initialized with port 8080 (http)
2024-08-18 19:25:23.682 [main] INFO  org.apache.coyote.http11.Http11NioProtocol - Initializing ProtocolHandler ["http-nio-8080"]
2024-08-18 19:25:23.683 [main] INFO  org.apache.catalina.core.StandardService - Starting service [Tomcat]
2024-08-18 19:25:23.683 [main] INFO  org.apache.catalina.core.StandardEngine - Starting Servlet engine: [Apache Tomcat/10.1.26]
2024-08-18 19:25:23.719 [main] INFO  org.apache.catalina.core.ContainerBase.[Tomcat].[localhost].[/] - Initializing Spring embedded WebApplicationContext
2024-08-18 19:25:23.719 [main] INFO  org.springframework.boot.web.servlet.context.ServletWebServerApplicationContext - Root WebApplicationContext: initialization completed in 861 ms
2024-08-18 19:25:23.839 [main] INFO  org.hibernate.jpa.internal.util.LogHelper - HHH000204: Processing PersistenceUnitInfo [name: default]
2024-08-18 19:25:23.883 [main] INFO  org.hibernate.Version - HHH000412: Hibernate ORM core version 6.5.2.Final
2024-08-18 19:25:23.907 [main] INFO  org.hibernate.cache.internal.RegionFactoryInitiator - HHH000026: Second-level cache disabled
2024-08-18 19:25:24.156 [main] INFO  org.springframework.orm.jpa.persistenceunit.SpringPersistenceUnitInfo - No LoadTimeWeaver setup: ignoring JPA class transformer
2024-08-18 19:25:24.179 [main] INFO  com.zaxxer.hikari.HikariDataSource - HikariPool-1 - Starting...
2024-08-18 19:25:24.310 [main] INFO  com.zaxxer.hikari.pool.HikariPool - HikariPool-1 - Added connection conn0: url=jdbc:h2:mem:testdb user=SA
2024-08-18 19:25:24.312 [main] INFO  com.zaxxer.hikari.HikariDataSource - HikariPool-1 - Start completed.
2024-08-18 19:25:24.330 [main] WARN  org.hibernate.orm.deprecation - HHH90000025: H2Dialect does not need to be specified explicitly using 'hibernate.dialect' (remove the property setting and it will be selected by default)
2024-08-18 19:25:25.042 [main] INFO  org.hibernate.engine.transaction.jta.platform.internal.JtaPlatformInitiator - HHH000489: No JTA platform available (set 'hibernate.transaction.jta.platform' to enable JTA platform integration)
2024-08-18 19:25:25.071 [main] INFO  org.springframework.orm.jpa.LocalContainerEntityManagerFactoryBean - Initialized JPA EntityManagerFactory for persistence unit 'default'
2024-08-18 19:25:25.330 [main] WARN  org.springframework.boot.autoconfigure.orm.jpa.JpaBaseConfiguration$JpaWebConfiguration - spring.jpa.open-in-view is enabled by default. Therefore, database queries may be performed during view rendering. Explicitly configure spring.jpa.open-in-view to disable this warning
2024-08-18 19:25:25.610 [main] INFO  org.apache.coyote.http11.Http11NioProtocol - Starting ProtocolHandler ["http-nio-8080"]
2024-08-18 19:25:25.622 [main] INFO  org.springframework.boot.web.embedded.tomcat.TomcatWebServer - Tomcat started on port 8080 (http) with context path '/'
2024-08-18 19:25:25.628 [main] INFO  dev.bank.bankingapp.BankingAppApplication - Started BankingAppApplication in 3.143 seconds (process running for 4.255)
2024-08-18 19:25:25.630 [main] INFO  dev.bank.bankingapp.BankingAppApplication - Info log
2024-08-18 19:25:25.630 [main] WARN  dev.bank.bankingapp.BankingAppApplication - Hey, This is a warning!
2024-08-18 19:25:25.630 [main] ERROR dev.bank.bankingapp.BankingAppApplication - Oops! We have an Error. OK
2024-08-18 19:25:25.630 [main] FATAL dev.bank.bankingapp.BankingAppApplication - Damn! Fatal error. Please fix me.
2024-08-18 19:25:47.561 [SpringApplicationShutdownHook] INFO  org.springframework.orm.jpa.LocalContainerEntityManagerFactoryBean - Closing JPA EntityManagerFactory for persistence unit 'default'
2024-08-18 19:25:47.562 [SpringApplicationShutdownHook] INFO  com.zaxxer.hikari.HikariDataSource - HikariPool-1 - Shutdown initiated...
2024-08-18 19:25:47.565 [SpringApplicationShutdownHook] INFO  com.zaxxer.hikari.HikariDataSource - HikariPool-1 - Shutdown completed.
2024-08-18 19:26:13.842 [background-preinit] INFO  org.hibernate.validator.internal.util.Version - HV000001: Hibernate Validator 8.0.1.Final
2024-08-18 19:26:13.904 [main] INFO  dev.bank.bankingapp.BankingAppApplication - Starting BankingAppApplication using Java 21.0.3 with PID 12780 (C:\Development\Projects\Springboot\banking-app\banking-app\target\classes started by moham in C:\Development\Projects\Springboot\banking-app\banking-app)
2024-08-18 19:26:13.909 [main] INFO  dev.bank.bankingapp.BankingAppApplication - No active profile set, falling back to 1 default profile: "default"
2024-08-18 19:26:14.753 [main] INFO  org.springframework.data.repository.config.RepositoryConfigurationDelegate - Bootstrapping Spring Data JPA repositories in DEFAULT mode.
2024-08-18 19:26:14.825 [main] INFO  org.springframework.data.repository.config.RepositoryConfigurationDelegate - Finished Spring Data repository scanning in 64 ms. Found 1 JPA repository interface.
2024-08-18 19:26:15.345 [main] INFO  org.springframework.boot.web.embedded.tomcat.TomcatWebServer - Tomcat initialized with port 8080 (http)
2024-08-18 19:26:15.355 [main] INFO  org.apache.coyote.http11.Http11NioProtocol - Initializing ProtocolHandler ["http-nio-8080"]
2024-08-18 19:26:15.357 [main] INFO  org.apache.catalina.core.StandardService - Starting service [Tomcat]
2024-08-18 19:26:15.357 [main] INFO  org.apache.catalina.core.StandardEngine - Starting Servlet engine: [Apache Tomcat/10.1.26]
2024-08-18 19:26:15.400 [main] INFO  org.apache.catalina.core.ContainerBase.[Tomcat].[localhost].[/] - Initializing Spring embedded WebApplicationContext
2024-08-18 19:26:15.400 [main] INFO  org.springframework.boot.web.servlet.context.ServletWebServerApplicationContext - Root WebApplicationContext: initialization completed in 1439 ms
2024-08-18 19:26:15.536 [main] INFO  org.hibernate.jpa.internal.util.LogHelper - HHH000204: Processing PersistenceUnitInfo [name: default]
2024-08-18 19:26:15.609 [main] INFO  org.hibernate.Version - HHH000412: Hibernate ORM core version 6.5.2.Final
2024-08-18 19:26:15.644 [main] INFO  org.hibernate.cache.internal.RegionFactoryInitiator - HHH000026: Second-level cache disabled
2024-08-18 19:26:15.940 [main] INFO  org.springframework.orm.jpa.persistenceunit.SpringPersistenceUnitInfo - No LoadTimeWeaver setup: ignoring JPA class transformer
2024-08-18 19:26:15.965 [main] INFO  com.zaxxer.hikari.HikariDataSource - HikariPool-1 - Starting...
2024-08-18 19:26:16.302 [main] INFO  com.zaxxer.hikari.pool.HikariPool - HikariPool-1 - Added connection conn0: url=jdbc:h2:mem:testdb user=SA
2024-08-18 19:26:16.304 [main] INFO  com.zaxxer.hikari.HikariDataSource - HikariPool-1 - Start completed.
2024-08-18 19:26:16.376 [main] WARN  org.hibernate.orm.deprecation - HHH90000025: H2Dialect does not need to be specified explicitly using 'hibernate.dialect' (remove the property setting and it will be selected by default)
2024-08-18 19:26:17.810 [main] INFO  org.hibernate.engine.transaction.jta.platform.internal.JtaPlatformInitiator - HHH000489: No JTA platform available (set 'hibernate.transaction.jta.platform' to enable JTA platform integration)
2024-08-18 19:26:17.861 [main] INFO  org.springframework.orm.jpa.LocalContainerEntityManagerFactoryBean - Initialized JPA EntityManagerFactory for persistence unit 'default'
2024-08-18 19:26:18.403 [main] WARN  org.springframework.boot.autoconfigure.orm.jpa.JpaBaseConfiguration$JpaWebConfiguration - spring.jpa.open-in-view is enabled by default. Therefore, database queries may be performed during view rendering. Explicitly configure spring.jpa.open-in-view to disable this warning
2024-08-18 19:26:18.857 [main] INFO  org.apache.coyote.http11.Http11NioProtocol - Starting ProtocolHandler ["http-nio-8080"]
2024-08-18 19:26:18.875 [main] INFO  org.springframework.boot.web.embedded.tomcat.TomcatWebServer - Tomcat started on port 8080 (http) with context path '/'
2024-08-18 19:26:18.884 [main] INFO  dev.bank.bankingapp.BankingAppApplication - Started BankingAppApplication in 5.474 seconds (process running for 7.215)
2024-08-18 19:26:18.888 [main] INFO  dev.bank.bankingapp.BankingAppApplication - Info log
2024-08-18 19:26:18.889 [main] WARN  dev.bank.bankingapp.BankingAppApplication - Hey, This is a warning!
2024-08-18 19:26:18.889 [main] ERROR dev.bank.bankingapp.BankingAppApplication - Oops! We have an Error. OK
2024-08-18 19:26:18.889 [main] FATAL dev.bank.bankingapp.BankingAppApplication - Damn! Fatal error. Please fix me.
2024-08-18 19:27:38.986 [SpringApplicationShutdownHook] INFO  org.springframework.orm.jpa.LocalContainerEntityManagerFactoryBean - Closing JPA EntityManagerFactory for persistence unit 'default'
2024-08-18 19:27:38.988 [SpringApplicationShutdownHook] INFO  com.zaxxer.hikari.HikariDataSource - HikariPool-1 - Shutdown initiated...
2024-08-18 19:27:38.990 [SpringApplicationShutdownHook] INFO  com.zaxxer.hikari.HikariDataSource - HikariPool-1 - Shutdown completed.
2024-08-18 19:27:42.927 [background-preinit] INFO  org.hibernate.validator.internal.util.Version - HV000001: Hibernate Validator 8.0.1.Final
2024-08-18 19:27:42.953 [main] INFO  dev.bank.bankingapp.BankingAppApplication - Starting BankingAppApplication using Java 21.0.3 with PID 9848 (C:\Development\Projects\Springboot\banking-app\banking-app\target\classes started by moham in C:\Development\Projects\Springboot\banking-app\banking-app)
2024-08-18 19:27:42.956 [main] INFO  dev.bank.bankingapp.BankingAppApplication - No active profile set, falling back to 1 default profile: "default"
2024-08-18 19:27:43.391 [main] INFO  org.springframework.data.repository.config.RepositoryConfigurationDelegate - Bootstrapping Spring Data JPA repositories in DEFAULT mode.
2024-08-18 19:27:43.430 [main] INFO  org.springframework.data.repository.config.RepositoryConfigurationDelegate - Finished Spring Data repository scanning in 34 ms. Found 1 JPA repository interface.
2024-08-18 19:27:43.762 [main] INFO  org.springframework.boot.web.embedded.tomcat.TomcatWebServer - Tomcat initialized with port 8080 (http)
2024-08-18 19:27:43.770 [main] INFO  org.apache.coyote.http11.Http11NioProtocol - Initializing ProtocolHandler ["http-nio-8080"]
2024-08-18 19:27:43.772 [main] INFO  org.apache.catalina.core.StandardService - Starting service [Tomcat]
2024-08-18 19:27:43.772 [main] INFO  org.apache.catalina.core.StandardEngine - Starting Servlet engine: [Apache Tomcat/10.1.26]
2024-08-18 19:27:43.810 [main] INFO  org.apache.catalina.core.ContainerBase.[Tomcat].[localhost].[/] - Initializing Spring embedded WebApplicationContext
2024-08-18 19:27:43.810 [main] INFO  org.springframework.boot.web.servlet.context.ServletWebServerApplicationContext - Root WebApplicationContext: initialization completed in 827 ms
2024-08-18 19:27:43.943 [main] INFO  org.hibernate.jpa.internal.util.LogHelper - HHH000204: Processing PersistenceUnitInfo [name: default]
2024-08-18 19:27:43.999 [main] INFO  org.hibernate.Version - HHH000412: Hibernate ORM core version 6.5.2.Final
2024-08-18 19:27:44.028 [main] INFO  org.hibernate.cache.internal.RegionFactoryInitiator - HHH000026: Second-level cache disabled
2024-08-18 19:27:44.263 [main] INFO  org.springframework.orm.jpa.persistenceunit.SpringPersistenceUnitInfo - No LoadTimeWeaver setup: ignoring JPA class transformer
2024-08-18 19:27:44.294 [main] INFO  com.zaxxer.hikari.HikariDataSource - HikariPool-1 - Starting...
2024-08-18 19:27:44.451 [main] INFO  com.zaxxer.hikari.pool.HikariPool - HikariPool-1 - Added connection conn0: url=jdbc:h2:mem:testdb user=SA
2024-08-18 19:27:44.452 [main] INFO  com.zaxxer.hikari.HikariDataSource - HikariPool-1 - Start completed.
2024-08-18 19:27:44.473 [main] WARN  org.hibernate.orm.deprecation - HHH90000025: H2Dialect does not need to be specified explicitly using 'hibernate.dialect' (remove the property setting and it will be selected by default)
2024-08-18 19:27:45.181 [main] INFO  org.hibernate.engine.transaction.jta.platform.internal.JtaPlatformInitiator - HHH000489: No JTA platform available (set 'hibernate.transaction.jta.platform' to enable JTA platform integration)
2024-08-18 19:27:45.209 [main] INFO  org.springframework.orm.jpa.LocalContainerEntityManagerFactoryBean - Initialized JPA EntityManagerFactory for persistence unit 'default'
2024-08-18 19:27:45.453 [main] WARN  org.springframework.boot.autoconfigure.orm.jpa.JpaBaseConfiguration$JpaWebConfiguration - spring.jpa.open-in-view is enabled by default. Therefore, database queries may be performed during view rendering. Explicitly configure spring.jpa.open-in-view to disable this warning
2024-08-18 19:27:45.689 [main] INFO  org.apache.coyote.http11.Http11NioProtocol - Starting ProtocolHandler ["http-nio-8080"]
2024-08-18 19:27:45.702 [main] INFO  org.springframework.boot.web.embedded.tomcat.TomcatWebServer - Tomcat started on port 8080 (http) with context path '/'
2024-08-18 19:27:45.708 [main] INFO  dev.bank.bankingapp.BankingAppApplication - Started BankingAppApplication in 3.066 seconds (process running for 4.03)
2024-08-18 19:27:45.710 [main] INFO  dev.bank.bankingapp.BankingAppApplication - Info log
2024-08-18 19:27:45.710 [main] WARN  dev.bank.bankingapp.BankingAppApplication - Hey, This is a warning!
2024-08-18 19:27:45.710 [main] ERROR dev.bank.bankingapp.BankingAppApplication - Oops! We have an Error. OK
2024-08-18 19:27:45.710 [main] FATAL dev.bank.bankingapp.BankingAppApplication - Damn! Fatal error. Please fix me.
2024-08-18 19:28:10.642 [SpringApplicationShutdownHook] INFO  org.springframework.orm.jpa.LocalContainerEntityManagerFactoryBean - Closing JPA EntityManagerFactory for persistence unit 'default'
2024-08-18 19:28:10.644 [SpringApplicationShutdownHook] INFO  com.zaxxer.hikari.HikariDataSource - HikariPool-1 - Shutdown initiated...
2024-08-18 19:28:10.645 [SpringApplicationShutdownHook] INFO  com.zaxxer.hikari.HikariDataSource - HikariPool-1 - Shutdown completed.
2024-08-18 19:28:12.962 [background-preinit] INFO  org.hibernate.validator.internal.util.Version - HV000001: Hibernate Validator 8.0.1.Final
2024-08-18 19:28:12.990 [main] INFO  dev.bank.bankingapp.BankingAppApplication - Starting BankingAppApplication using Java 21.0.3 with PID 16864 (C:\Development\Projects\Springboot\banking-app\banking-app\target\classes started by moham in C:\Development\Projects\Springboot\banking-app\banking-app)
2024-08-18 19:28:12.993 [main] INFO  dev.bank.bankingapp.BankingAppApplication - No active profile set, falling back to 1 default profile: "default"
2024-08-18 19:28:13.421 [main] INFO  org.springframework.data.repository.config.RepositoryConfigurationDelegate - Bootstrapping Spring Data JPA repositories in DEFAULT mode.
2024-08-18 19:28:13.458 [main] INFO  org.springframework.data.repository.config.RepositoryConfigurationDelegate - Finished Spring Data repository scanning in 31 ms. Found 1 JPA repository interface.
2024-08-18 19:28:13.789 [main] INFO  org.springframework.boot.web.embedded.tomcat.TomcatWebServer - Tomcat initialized with port 8080 (http)
2024-08-18 19:28:13.796 [main] INFO  org.apache.coyote.http11.Http11NioProtocol - Initializing ProtocolHandler ["http-nio-8080"]
2024-08-18 19:28:13.797 [main] INFO  org.apache.catalina.core.StandardService - Starting service [Tomcat]
2024-08-18 19:28:13.798 [main] INFO  org.apache.catalina.core.StandardEngine - Starting Servlet engine: [Apache Tomcat/10.1.26]
2024-08-18 19:28:13.832 [main] INFO  org.apache.catalina.core.ContainerBase.[Tomcat].[localhost].[/] - Initializing Spring embedded WebApplicationContext
2024-08-18 19:28:13.832 [main] INFO  org.springframework.boot.web.servlet.context.ServletWebServerApplicationContext - Root WebApplicationContext: initialization completed in 814 ms
2024-08-18 19:28:13.950 [main] INFO  org.hibernate.jpa.internal.util.LogHelper - HHH000204: Processing PersistenceUnitInfo [name: default]
2024-08-18 19:28:13.991 [main] INFO  org.hibernate.Version - HHH000412: Hibernate ORM core version 6.5.2.Final
2024-08-18 19:28:14.020 [main] INFO  org.hibernate.cache.internal.RegionFactoryInitiator - HHH000026: Second-level cache disabled
2024-08-18 19:28:14.249 [main] INFO  org.springframework.orm.jpa.persistenceunit.SpringPersistenceUnitInfo - No LoadTimeWeaver setup: ignoring JPA class transformer
2024-08-18 19:28:14.273 [main] INFO  com.zaxxer.hikari.HikariDataSource - HikariPool-1 - Starting...
2024-08-18 19:28:14.407 [main] INFO  com.zaxxer.hikari.pool.HikariPool - HikariPool-1 - Added connection conn0: url=jdbc:h2:mem:testdb user=SA
2024-08-18 19:28:14.408 [main] INFO  com.zaxxer.hikari.HikariDataSource - HikariPool-1 - Start completed.
2024-08-18 19:28:14.427 [main] WARN  org.hibernate.orm.deprecation - HHH90000025: H2Dialect does not need to be specified explicitly using 'hibernate.dialect' (remove the property setting and it will be selected by default)
2024-08-18 19:28:15.167 [main] INFO  org.hibernate.engine.transaction.jta.platform.internal.JtaPlatformInitiator - HHH000489: No JTA platform available (set 'hibernate.transaction.jta.platform' to enable JTA platform integration)
2024-08-18 19:28:15.193 [main] INFO  org.springframework.orm.jpa.LocalContainerEntityManagerFactoryBean - Initialized JPA EntityManagerFactory for persistence unit 'default'
2024-08-18 19:28:15.468 [main] WARN  org.springframework.boot.autoconfigure.orm.jpa.JpaBaseConfiguration$JpaWebConfiguration - spring.jpa.open-in-view is enabled by default. Therefore, database queries may be performed during view rendering. Explicitly configure spring.jpa.open-in-view to disable this warning
2024-08-18 19:28:15.705 [main] INFO  org.apache.coyote.http11.Http11NioProtocol - Starting ProtocolHandler ["http-nio-8080"]
2024-08-18 19:28:15.720 [main] INFO  org.springframework.boot.web.embedded.tomcat.TomcatWebServer - Tomcat started on port 8080 (http) with context path '/'
2024-08-18 19:28:15.724 [main] INFO  dev.bank.bankingapp.BankingAppApplication - Started BankingAppApplication in 3.073 seconds (process running for 3.988)
2024-08-18 19:28:15.726 [main] INFO  dev.bank.bankingapp.BankingAppApplication - Info log
2024-08-18 19:28:15.728 [main] WARN  dev.bank.bankingapp.BankingAppApplication - Hey, This is a warning!
2024-08-18 19:28:15.728 [main] ERROR dev.bank.bankingapp.BankingAppApplication - Oops! We have an Error. OK
2024-08-18 19:28:15.728 [main] FATAL dev.bank.bankingapp.BankingAppApplication - Damn! Fatal error. Please fix me.
2024-08-18 19:29:40.573 [SpringApplicationShutdownHook] INFO  org.springframework.orm.jpa.LocalContainerEntityManagerFactoryBean - Closing JPA EntityManagerFactory for persistence unit 'default'
2024-08-18 19:29:40.575 [SpringApplicationShutdownHook] INFO  com.zaxxer.hikari.HikariDataSource - HikariPool-1 - Shutdown initiated...
2024-08-18 19:29:40.577 [SpringApplicationShutdownHook] INFO  com.zaxxer.hikari.HikariDataSource - HikariPool-1 - Shutdown completed.
2024-08-18 19:29:42.827 [background-preinit] INFO  org.hibernate.validator.internal.util.Version - HV000001: Hibernate Validator 8.0.1.Final
2024-08-18 19:29:42.854 [main] INFO  dev.bank.bankingapp.BankingAppApplication - Starting BankingAppApplication using Java 21.0.3 with PID 19020 (C:\Development\Projects\Springboot\banking-app\banking-app\target\classes started by moham in C:\Development\Projects\Springboot\banking-app\banking-app)
2024-08-18 19:29:42.856 [main] INFO  dev.bank.bankingapp.BankingAppApplication - No active profile set, falling back to 1 default profile: "default"
2024-08-18 19:29:43.283 [main] INFO  org.springframework.data.repository.config.RepositoryConfigurationDelegate - Bootstrapping Spring Data JPA repositories in DEFAULT mode.
2024-08-18 19:29:43.330 [main] INFO  org.springframework.data.repository.config.RepositoryConfigurationDelegate - Finished Spring Data repository scanning in 40 ms. Found 1 JPA repository interface.
2024-08-18 19:29:43.642 [main] INFO  org.springframework.boot.web.embedded.tomcat.TomcatWebServer - Tomcat initialized with port 8080 (http)
2024-08-18 19:29:43.659 [main] INFO  org.apache.coyote.http11.Http11NioProtocol - Initializing ProtocolHandler ["http-nio-8080"]
2024-08-18 19:29:43.660 [main] INFO  org.apache.catalina.core.StandardService - Starting service [Tomcat]
2024-08-18 19:29:43.661 [main] INFO  org.apache.catalina.core.StandardEngine - Starting Servlet engine: [Apache Tomcat/10.1.26]
2024-08-18 19:29:43.696 [main] INFO  org.apache.catalina.core.ContainerBase.[Tomcat].[localhost].[/] - Initializing Spring embedded WebApplicationContext
2024-08-18 19:29:43.697 [main] INFO  org.springframework.boot.web.servlet.context.ServletWebServerApplicationContext - Root WebApplicationContext: initialization completed in 814 ms
2024-08-18 19:29:43.824 [main] INFO  org.hibernate.jpa.internal.util.LogHelper - HHH000204: Processing PersistenceUnitInfo [name: default]
2024-08-18 19:29:43.876 [main] INFO  org.hibernate.Version - HHH000412: Hibernate ORM core version 6.5.2.Final
2024-08-18 19:29:43.906 [main] INFO  org.hibernate.cache.internal.RegionFactoryInitiator - HHH000026: Second-level cache disabled
2024-08-18 19:29:44.129 [main] INFO  org.springframework.orm.jpa.persistenceunit.SpringPersistenceUnitInfo - No LoadTimeWeaver setup: ignoring JPA class transformer
2024-08-18 19:29:44.149 [main] INFO  com.zaxxer.hikari.HikariDataSource - HikariPool-1 - Starting...
2024-08-18 19:29:44.290 [main] INFO  com.zaxxer.hikari.pool.HikariPool - HikariPool-1 - Added connection conn0: url=jdbc:h2:mem:testdb user=SA
2024-08-18 19:29:44.292 [main] INFO  com.zaxxer.hikari.HikariDataSource - HikariPool-1 - Start completed.
2024-08-18 19:29:44.327 [main] WARN  org.hibernate.orm.deprecation - HHH90000025: H2Dialect does not need to be specified explicitly using 'hibernate.dialect' (remove the property setting and it will be selected by default)
2024-08-18 19:29:45.063 [main] INFO  org.hibernate.engine.transaction.jta.platform.internal.JtaPlatformInitiator - HHH000489: No JTA platform available (set 'hibernate.transaction.jta.platform' to enable JTA platform integration)
2024-08-18 19:29:45.089 [main] INFO  org.springframework.orm.jpa.LocalContainerEntityManagerFactoryBean - Initialized JPA EntityManagerFactory for persistence unit 'default'
2024-08-18 19:29:45.360 [main] WARN  org.springframework.boot.autoconfigure.orm.jpa.JpaBaseConfiguration$JpaWebConfiguration - spring.jpa.open-in-view is enabled by default. Therefore, database queries may be performed during view rendering. Explicitly configure spring.jpa.open-in-view to disable this warning
2024-08-18 19:29:45.627 [main] INFO  org.apache.coyote.http11.Http11NioProtocol - Starting ProtocolHandler ["http-nio-8080"]
2024-08-18 19:29:45.643 [main] INFO  org.springframework.boot.web.embedded.tomcat.TomcatWebServer - Tomcat started on port 8080 (http) with context path '/'
2024-08-18 19:29:45.649 [main] INFO  dev.bank.bankingapp.BankingAppApplication - Started BankingAppApplication in 3.087 seconds (process running for 3.944)
2024-08-18 19:29:45.651 [main] INFO  dev.bank.bankingapp.BankingAppApplication - Info log
2024-08-18 19:29:45.651 [main] WARN  dev.bank.bankingapp.BankingAppApplication - Hey, This is a warning!
2024-08-18 19:29:45.652 [main] ERROR dev.bank.bankingapp.BankingAppApplication - Oops! We have an Error. OK
2024-08-18 19:29:45.652 [main] FATAL dev.bank.bankingapp.BankingAppApplication - Damn! Fatal error. Please fix me.
2024-08-18 19:31:25.879 [SpringApplicationShutdownHook] INFO  org.springframework.orm.jpa.LocalContainerEntityManagerFactoryBean - Closing JPA EntityManagerFactory for persistence unit 'default'
2024-08-18 19:31:25.881 [SpringApplicationShutdownHook] INFO  com.zaxxer.hikari.HikariDataSource - HikariPool-1 - Shutdown initiated...
2024-08-18 19:31:25.884 [SpringApplicationShutdownHook] INFO  com.zaxxer.hikari.HikariDataSource - HikariPool-1 - Shutdown completed.
